<?xml version="1.0" encoding="UTF-8"?>
<testng-results skipped="0" failed="1" ignored="0" total="8" passed="7">
  <reporter-output>
  </reporter-output>
  <suite name="Furniture Suite" duration-ms="68916" started-at="2020-02-23T18:58:10Z" finished-at="2020-02-23T18:59:19Z">
    <groups>
      <group name="functional">
        <method signature="BookMyFurnitureTestCases.validateUIDataWithDatabase()[pri:5, instance:test.BookMyFurnitureTestCases@49993335]" name="validateUIDataWithDatabase" class="test.BookMyFurnitureTestCases"/>
        <method signature="BookMyFurnitureTestCases.verifyApplicationInNewTab()[pri:2, instance:test.BookMyFurnitureTestCases@49993335]" name="verifyApplicationInNewTab" class="test.BookMyFurnitureTestCases"/>
        <method signature="BookMyFurnitureTestCases.verifyApplicationInNewWindow()[pri:4, instance:test.BookMyFurnitureTestCases@49993335]" name="verifyApplicationInNewWindow" class="test.BookMyFurnitureTestCases"/>
      </group> <!-- functional -->
      <group name="End to end">
        <method signature="BookMyFurnitureTestCases.bookAFurniture()[pri:3, instance:test.BookMyFurnitureTestCases@49993335]" name="bookAFurniture" class="test.BookMyFurnitureTestCases"/>
      </group> <!-- End to end -->
      <group name="regression">
        <method signature="BookMyFurnitureTestCases.validateCredentials()[pri:1, instance:test.BookMyFurnitureTestCases@49993335]" name="validateCredentials" class="test.BookMyFurnitureTestCases"/>
        <method signature="BookMyFurnitureTestCases.validateUIDataWithDatabase()[pri:5, instance:test.BookMyFurnitureTestCases@49993335]" name="validateUIDataWithDatabase" class="test.BookMyFurnitureTestCases"/>
        <method signature="BookMyFurnitureTestCases.verifyApplicationInNewTab()[pri:2, instance:test.BookMyFurnitureTestCases@49993335]" name="verifyApplicationInNewTab" class="test.BookMyFurnitureTestCases"/>
        <method signature="BookMyFurnitureTestCases.verifyApplicationInNewWindow()[pri:4, instance:test.BookMyFurnitureTestCases@49993335]" name="verifyApplicationInNewWindow" class="test.BookMyFurnitureTestCases"/>
        <method signature="WebServiceAutomation.verifyGetMethod()[pri:3, instance:test.WebServiceAutomation@63753b6d]" name="verifyGetMethod" class="test.WebServiceAutomation"/>
        <method signature="WebServiceAutomation.verifyPostMethod()[pri:2, instance:test.WebServiceAutomation@63753b6d]" name="verifyPostMethod" class="test.WebServiceAutomation"/>
        <method signature="WebServiceAutomation.verifyPostMethodUsingPOJO()[pri:1, instance:test.WebServiceAutomation@63753b6d]" name="verifyPostMethodUsingPOJO" class="test.WebServiceAutomation"/>
      </group> <!-- regression -->
    </groups>
    <test name="RestAssured" duration-ms="2483" started-at="2020-02-23T18:58:10Z" finished-at="2020-02-23T18:58:12Z">
      <class name="test.BookMyFurnitureTestCases">
        <test-method status="PASS" signature="setExtentReport()[pri:0, instance:test.BookMyFurnitureTestCases@49993335]" name="setExtentReport" is-config="true" duration-ms="686" started-at="2020-02-23T18:58:09Z" finished-at="2020-02-23T18:58:10Z">
          <reporter-output>
          </reporter-output>
        </test-method> <!-- setExtentReport -->
        <test-method status="PASS" signature="endReport()[pri:0, instance:test.BookMyFurnitureTestCases@49993335]" name="endReport" is-config="true" duration-ms="620" started-at="2020-02-23T18:59:19Z" finished-at="2020-02-23T18:59:19Z">
          <reporter-output>
          </reporter-output>
        </test-method> <!-- endReport -->
      </class> <!-- test.BookMyFurnitureTestCases -->
      <class name="test.WebServiceAutomation">
        <test-method status="PASS" signature="setUpExtentReport()[pri:0, instance:test.WebServiceAutomation@63753b6d]" name="setUpExtentReport" is-config="true" duration-ms="1" started-at="2020-02-23T18:58:10Z" finished-at="2020-02-23T18:58:10Z">
          <reporter-output>
          </reporter-output>
        </test-method> <!-- setUpExtentReport -->
        <test-method status="PASS" signature="verifyPostMethodUsingPOJO()[pri:1, instance:test.WebServiceAutomation@63753b6d]" name="verifyPostMethodUsingPOJO" duration-ms="1843" started-at="2020-02-23T18:58:10Z" description="Verify POST method Using POJO Class" finished-at="2020-02-23T18:58:12Z">
          <reporter-output>
          </reporter-output>
        </test-method> <!-- verifyPostMethodUsingPOJO -->
        <test-method status="PASS" signature="logTestStatus(org.testng.ITestResult)[pri:0, instance:test.WebServiceAutomation@63753b6d]" name="logTestStatus" is-config="true" duration-ms="2" started-at="2020-02-23T18:58:12Z" finished-at="2020-02-23T18:58:12Z">
          <params>
            <param index="0">
              <value>
                <![CDATA[[TestResult name=verifyPostMethodUsingPOJO status=SUCCESS method=WebServiceAutomation.verifyPostMethodUsingPOJO()[pri:1, instance:test.WebServiceAutomation@63753b6d] output={null}]]]>
              </value>
            </param>
          </params>
          <reporter-output>
          </reporter-output>
        </test-method> <!-- logTestStatus -->
        <test-method status="PASS" signature="verifyPostMethod()[pri:2, instance:test.WebServiceAutomation@63753b6d]" name="verifyPostMethod" duration-ms="86" started-at="2020-02-23T18:58:12Z" description="Verify POST method" finished-at="2020-02-23T18:58:12Z">
          <reporter-output>
          </reporter-output>
        </test-method> <!-- verifyPostMethod -->
        <test-method status="PASS" signature="logTestStatus(org.testng.ITestResult)[pri:0, instance:test.WebServiceAutomation@63753b6d]" name="logTestStatus" is-config="true" duration-ms="0" started-at="2020-02-23T18:58:12Z" finished-at="2020-02-23T18:58:12Z">
          <params>
            <param index="0">
              <value>
                <![CDATA[[TestResult name=verifyPostMethod status=SUCCESS method=WebServiceAutomation.verifyPostMethod()[pri:2, instance:test.WebServiceAutomation@63753b6d] output={null}]]]>
              </value>
            </param>
          </params>
          <reporter-output>
          </reporter-output>
        </test-method> <!-- logTestStatus -->
        <test-method status="PASS" signature="verifyGetMethod()[pri:3, instance:test.WebServiceAutomation@63753b6d]" name="verifyGetMethod" duration-ms="48" started-at="2020-02-23T18:58:12Z" description="Verify GET method" finished-at="2020-02-23T18:58:12Z">
          <reporter-output>
          </reporter-output>
        </test-method> <!-- verifyGetMethod -->
        <test-method status="PASS" signature="logTestStatus(org.testng.ITestResult)[pri:0, instance:test.WebServiceAutomation@63753b6d]" name="logTestStatus" is-config="true" duration-ms="0" started-at="2020-02-23T18:58:12Z" finished-at="2020-02-23T18:58:12Z">
          <params>
            <param index="0">
              <value>
                <![CDATA[[TestResult name=verifyGetMethod status=SUCCESS method=WebServiceAutomation.verifyGetMethod()[pri:3, instance:test.WebServiceAutomation@63753b6d] output={null}]]]>
              </value>
            </param>
          </params>
          <reporter-output>
          </reporter-output>
        </test-method> <!-- logTestStatus -->
        <test-method status="PASS" signature="endReport()[pri:0, instance:test.WebServiceAutomation@63753b6d]" name="endReport" is-config="true" duration-ms="451" started-at="2020-02-23T18:58:12Z" finished-at="2020-02-23T18:58:12Z">
          <reporter-output>
          </reporter-output>
        </test-method> <!-- endReport -->
      </class> <!-- test.WebServiceAutomation -->
    </test> <!-- RestAssured -->
    <test name="Selenium" duration-ms="68916" started-at="2020-02-23T18:58:10Z" finished-at="2020-02-23T18:59:19Z">
      <class name="test.BookMyFurnitureTestCases">
        <test-method status="PASS" signature="setUp()[pri:0, instance:test.BookMyFurnitureTestCases@49993335]" name="setUp" is-config="true" duration-ms="5114" started-at="2020-02-23T18:58:10Z" finished-at="2020-02-23T18:58:15Z">
          <reporter-output>
          </reporter-output>
        </test-method> <!-- setUp -->
        <test-method status="PASS" signature="validateCredentials()[pri:1, instance:test.BookMyFurnitureTestCases@49993335]" name="validateCredentials" duration-ms="6560" started-at="2020-02-23T18:58:15Z" description="Validate Credentials" finished-at="2020-02-23T18:58:22Z">
          <reporter-output>
          </reporter-output>
        </test-method> <!-- validateCredentials -->
        <test-method status="PASS" signature="captureScreenshot(org.testng.ITestResult)[pri:0, instance:test.BookMyFurnitureTestCases@49993335]" name="captureScreenshot" is-config="true" duration-ms="77" started-at="2020-02-23T18:58:22Z" finished-at="2020-02-23T18:58:22Z">
          <params>
            <param index="0">
              <value>
                <![CDATA[[TestResult name=validateCredentials status=SUCCESS method=BookMyFurnitureTestCases.validateCredentials()[pri:1, instance:test.BookMyFurnitureTestCases@49993335] output={null}]]]>
              </value>
            </param>
          </params>
          <reporter-output>
          </reporter-output>
        </test-method> <!-- captureScreenshot -->
        <test-method status="PASS" signature="setUp()[pri:0, instance:test.BookMyFurnitureTestCases@49993335]" name="setUp" is-config="true" duration-ms="4011" started-at="2020-02-23T18:58:22Z" finished-at="2020-02-23T18:58:26Z">
          <reporter-output>
          </reporter-output>
        </test-method> <!-- setUp -->
        <test-method status="PASS" signature="verifyApplicationInNewTab()[pri:2, instance:test.BookMyFurnitureTestCases@49993335]" name="verifyApplicationInNewTab" duration-ms="3305" started-at="2020-02-23T18:58:26Z" description="Verify Application in new tab with Action class" finished-at="2020-02-23T18:58:29Z">
          <reporter-output>
          </reporter-output>
        </test-method> <!-- verifyApplicationInNewTab -->
        <test-method status="PASS" signature="captureScreenshot(org.testng.ITestResult)[pri:0, instance:test.BookMyFurnitureTestCases@49993335]" name="captureScreenshot" is-config="true" duration-ms="60" started-at="2020-02-23T18:58:29Z" finished-at="2020-02-23T18:58:29Z">
          <params>
            <param index="0">
              <value>
                <![CDATA[[TestResult name=verifyApplicationInNewTab status=SUCCESS method=BookMyFurnitureTestCases.verifyApplicationInNewTab()[pri:2, instance:test.BookMyFurnitureTestCases@49993335] output={null}]]]>
              </value>
            </param>
          </params>
          <reporter-output>
          </reporter-output>
        </test-method> <!-- captureScreenshot -->
        <test-method status="PASS" signature="setUp()[pri:0, instance:test.BookMyFurnitureTestCases@49993335]" name="setUp" is-config="true" duration-ms="4237" started-at="2020-02-23T18:58:29Z" finished-at="2020-02-23T18:58:33Z">
          <reporter-output>
          </reporter-output>
        </test-method> <!-- setUp -->
        <test-method status="FAIL" signature="bookAFurniture()[pri:3, instance:test.BookMyFurnitureTestCases@49993335]" name="bookAFurniture" duration-ms="32275" started-at="2020-02-23T18:58:33Z" description="Book a Furniture" finished-at="2020-02-23T18:59:05Z">
          <exception class="org.openqa.selenium.NoSuchElementException">
            <message>
              <![CDATA[no such element: Unable to locate element: {"method":"xpath","selector":"//a[contains(text(),'Next')]"}
  (Session info: chrome=79.0.3945.130)
For documentation on this error, please visit: https://www.seleniumhq.org/exceptions/no_such_element.html
Build info: version: '3.141.59', revision: 'e82be7d358', time: '2018-11-14T08:17:03'
System info: host: 'azstorageexp', ip: '10.0.0.4', os.name: 'Windows Server 2016', os.arch: 'amd64', os.version: '10.0', java.version: '1.8.0_211'
Driver info: org.openqa.selenium.chrome.ChromeDriver
Capabilities {acceptInsecureCerts: false, browserName: chrome, browserVersion: 79.0.3945.130, chrome: {chromedriverVersion: 79.0.3945.36 (3582db32b3389..., userDataDir: C:\Users\sdetlabs\AppData\L...}, goog:chromeOptions: {debuggerAddress: localhost:51248}, javascriptEnabled: true, networkConnectionEnabled: false, pageLoadStrategy: normal, platform: WINDOWS, platformName: WINDOWS, proxy: Proxy(), setWindowRect: true, strictFileInteractability: false, timeouts: {implicit: 0, pageLoad: 300000, script: 30000}, unhandledPromptBehavior: dismiss and notify}
Session ID: 1dd3cd50b4239b168b70db7a12038d97
*** Element info: {Using=xpath, value=//a[contains(text(),'Next')]}]]>
            </message>
            <full-stacktrace>
              <![CDATA[org.openqa.selenium.NoSuchElementException: no such element: Unable to locate element: {"method":"xpath","selector":"//a[contains(text(),'Next')]"}
  (Session info: chrome=79.0.3945.130)
For documentation on this error, please visit: https://www.seleniumhq.org/exceptions/no_such_element.html
Build info: version: '3.141.59', revision: 'e82be7d358', time: '2018-11-14T08:17:03'
System info: host: 'azstorageexp', ip: '10.0.0.4', os.name: 'Windows Server 2016', os.arch: 'amd64', os.version: '10.0', java.version: '1.8.0_211'
Driver info: org.openqa.selenium.chrome.ChromeDriver
Capabilities {acceptInsecureCerts: false, browserName: chrome, browserVersion: 79.0.3945.130, chrome: {chromedriverVersion: 79.0.3945.36 (3582db32b3389..., userDataDir: C:\Users\sdetlabs\AppData\L...}, goog:chromeOptions: {debuggerAddress: localhost:51248}, javascriptEnabled: true, networkConnectionEnabled: false, pageLoadStrategy: normal, platform: WINDOWS, platformName: WINDOWS, proxy: Proxy(), setWindowRect: true, strictFileInteractability: false, timeouts: {implicit: 0, pageLoad: 300000, script: 30000}, unhandledPromptBehavior: dismiss and notify}
Session ID: 1dd3cd50b4239b168b70db7a12038d97
*** Element info: {Using=xpath, value=//a[contains(text(),'Next')]}
at sun.reflect.NativeConstructorAccessorImpl.newInstance0(Native Method)
at sun.reflect.NativeConstructorAccessorImpl.newInstance(Unknown Source)
at sun.reflect.DelegatingConstructorAccessorImpl.newInstance(Unknown Source)
at java.lang.reflect.Constructor.newInstance(Unknown Source)
at org.openqa.selenium.remote.http.W3CHttpResponseCodec.createException(W3CHttpResponseCodec.java:187)
at org.openqa.selenium.remote.http.W3CHttpResponseCodec.decode(W3CHttpResponseCodec.java:122)
at org.openqa.selenium.remote.http.W3CHttpResponseCodec.decode(W3CHttpResponseCodec.java:49)
at org.openqa.selenium.remote.HttpCommandExecutor.execute(HttpCommandExecutor.java:158)
at org.openqa.selenium.remote.service.DriverCommandExecutor.execute(DriverCommandExecutor.java:83)
at org.openqa.selenium.remote.RemoteWebDriver.execute(RemoteWebDriver.java:552)
at org.openqa.selenium.remote.RemoteWebDriver.findElement(RemoteWebDriver.java:323)
at org.openqa.selenium.remote.RemoteWebDriver.findElementByXPath(RemoteWebDriver.java:428)
at org.openqa.selenium.By$ByXPath.findElement(By.java:353)
at org.openqa.selenium.remote.RemoteWebDriver.findElement(RemoteWebDriver.java:315)
at pages.HomePage.chooseFurnitureType(HomePage.java:54)
at test.BookMyFurnitureTestCases.bookAFurniture(BookMyFurnitureTestCases.java:65)
at sun.reflect.NativeMethodAccessorImpl.invoke0(Native Method)
at sun.reflect.NativeMethodAccessorImpl.invoke(Unknown Source)
at sun.reflect.DelegatingMethodAccessorImpl.invoke(Unknown Source)
at java.lang.reflect.Method.invoke(Unknown Source)
at org.testng.internal.MethodInvocationHelper.invokeMethod(MethodInvocationHelper.java:124)
at org.testng.internal.Invoker.invokeMethod(Invoker.java:583)
at org.testng.internal.Invoker.invokeTestMethod(Invoker.java:719)
at org.testng.internal.Invoker.invokeTestMethods(Invoker.java:989)
at org.testng.internal.TestMethodWorker.invokeTestMethods(TestMethodWorker.java:125)
at org.testng.internal.TestMethodWorker.run(TestMethodWorker.java:109)
at org.testng.TestRunner.privateRun(TestRunner.java:648)
at org.testng.TestRunner.run(TestRunner.java:505)
at org.testng.SuiteRunner.runTest(SuiteRunner.java:455)
at org.testng.SuiteRunner.access$000(SuiteRunner.java:40)
at org.testng.SuiteRunner$SuiteWorker.run(SuiteRunner.java:489)
at org.testng.internal.thread.ThreadUtil$1.call(ThreadUtil.java:52)
at java.util.concurrent.FutureTask.run(Unknown Source)
at java.util.concurrent.ThreadPoolExecutor.runWorker(Unknown Source)
at java.util.concurrent.ThreadPoolExecutor$Worker.run(Unknown Source)
at java.lang.Thread.run(Unknown Source)
]]>
            </full-stacktrace>
          </exception> <!-- org.openqa.selenium.NoSuchElementException -->
          <reporter-output>
          </reporter-output>
        </test-method> <!-- bookAFurniture -->
        <test-method status="PASS" signature="captureScreenshot(org.testng.ITestResult)[pri:0, instance:test.BookMyFurnitureTestCases@49993335]" name="captureScreenshot" is-config="true" duration-ms="394" started-at="2020-02-23T18:59:05Z" finished-at="2020-02-23T18:59:06Z">
          <params>
            <param index="0">
              <value>
                <![CDATA[[TestResult name=bookAFurniture status=FAILURE method=BookMyFurnitureTestCases.bookAFurniture()[pri:3, instance:test.BookMyFurnitureTestCases@49993335] output={null}]]]>
              </value>
            </param>
          </params>
          <reporter-output>
          </reporter-output>
        </test-method> <!-- captureScreenshot -->
        <test-method status="PASS" signature="setUp()[pri:0, instance:test.BookMyFurnitureTestCases@49993335]" name="setUp" is-config="true" duration-ms="4167" started-at="2020-02-23T18:59:06Z" finished-at="2020-02-23T18:59:10Z">
          <reporter-output>
          </reporter-output>
        </test-method> <!-- setUp -->
        <test-method status="PASS" signature="verifyApplicationInNewWindow()[pri:4, instance:test.BookMyFurnitureTestCases@49993335]" name="verifyApplicationInNewWindow" duration-ms="4223" started-at="2020-02-23T18:59:10Z" description="Verify Application in new window with Action class" finished-at="2020-02-23T18:59:14Z">
          <reporter-output>
          </reporter-output>
        </test-method> <!-- verifyApplicationInNewWindow -->
        <test-method status="PASS" signature="captureScreenshot(org.testng.ITestResult)[pri:0, instance:test.BookMyFurnitureTestCases@49993335]" name="captureScreenshot" is-config="true" duration-ms="146" started-at="2020-02-23T18:59:14Z" finished-at="2020-02-23T18:59:14Z">
          <params>
            <param index="0">
              <value>
                <![CDATA[[TestResult name=verifyApplicationInNewWindow status=SUCCESS method=BookMyFurnitureTestCases.verifyApplicationInNewWindow()[pri:4, instance:test.BookMyFurnitureTestCases@49993335] output={null}]]]>
              </value>
            </param>
          </params>
          <reporter-output>
          </reporter-output>
        </test-method> <!-- captureScreenshot -->
        <test-method status="PASS" signature="setUp()[pri:0, instance:test.BookMyFurnitureTestCases@49993335]" name="setUp" is-config="true" duration-ms="3998" started-at="2020-02-23T18:59:14Z" finished-at="2020-02-23T18:59:18Z">
          <reporter-output>
          </reporter-output>
        </test-method> <!-- setUp -->
        <test-method status="PASS" signature="validateUIDataWithDatabase()[pri:5, instance:test.BookMyFurnitureTestCases@49993335]" name="validateUIDataWithDatabase" duration-ms="254" started-at="2020-02-23T18:59:18Z" description="Validate UI data with data available in database" finished-at="2020-02-23T18:59:19Z">
          <reporter-output>
          </reporter-output>
        </test-method> <!-- validateUIDataWithDatabase -->
        <test-method status="PASS" signature="captureScreenshot(org.testng.ITestResult)[pri:0, instance:test.BookMyFurnitureTestCases@49993335]" name="captureScreenshot" is-config="true" duration-ms="68" started-at="2020-02-23T18:59:19Z" finished-at="2020-02-23T18:59:19Z">
          <params>
            <param index="0">
              <value>
                <![CDATA[[TestResult name=validateUIDataWithDatabase status=SUCCESS method=BookMyFurnitureTestCases.validateUIDataWithDatabase()[pri:5, instance:test.BookMyFurnitureTestCases@49993335] output={null}]]]>
              </value>
            </param>
          </params>
          <reporter-output>
          </reporter-output>
        </test-method> <!-- captureScreenshot -->
      </class> <!-- test.BookMyFurnitureTestCases -->
    </test> <!-- Selenium -->
  </suite> <!-- Furniture Suite -->
</testng-results>
